<?xml version="1.0" encoding="UTF-8"?>
<testng-results skipped="0" failed="0" ignored="0" total="1" passed="1">
  <reporter-output>
  </reporter-output>
  <suite name="Surefire suite" duration-ms="12095" started-at="2020-03-23T20:30:49 MEZ" finished-at="2020-03-23T20:31:01 MEZ">
    <groups>
    </groups>
    <test name="Surefire test" duration-ms="12095" started-at="2020-03-23T20:30:49 MEZ" finished-at="2020-03-23T20:31:01 MEZ">
      <class name="ClicknRideTest">
        <test-method status="PASS" signature="urlReachable()[pri:0, instance:ClicknRideTest@31a5c39e]" name="urlReachable" duration-ms="11981" started-at="2020-03-23T20:30:49 MEZ" finished-at="2020-03-23T20:31:01 MEZ">
          <reporter-output>
          </reporter-output>
        </test-method> <!-- urlReachable -->
      </class> <!-- ClicknRideTest -->
    </test> <!-- Surefire test -->
  </suite> <!-- Surefire suite -->
</testng-results>
