<?xml version="1.0" encoding="UTF-8"?>
<testng-results skipped="0" failed="0" ignored="0" total="1" passed="1">
  <reporter-output>
  </reporter-output>
  <suite name="TestNg Demo" duration-ms="10396" started-at="2020-03-23T20:31:06 MEZ" finished-at="2020-03-23T20:31:16 MEZ">
    <groups>
    </groups>
    <test name="CnR Tests on Chrome" duration-ms="10396" started-at="2020-03-23T20:31:06 MEZ" finished-at="2020-03-23T20:31:16 MEZ">
      <class name="ClicknRideTest">
        <test-method status="PASS" signature="urlReachable()[pri:0, instance:ClicknRideTest@cb644e]" name="urlReachable" duration-ms="10325" started-at="2020-03-23T20:31:06 MEZ" finished-at="2020-03-23T20:31:16 MEZ">
          <reporter-output>
          </reporter-output>
        </test-method> <!-- urlReachable -->
      </class> <!-- ClicknRideTest -->
    </test> <!-- CnR Tests on Chrome -->
  </suite> <!-- TestNg Demo -->
</testng-results>
